<?xml version="1.0" encoding="UTF-8"?>
<!-- Generated by org.testng.reporters.JUnitReportReporter -->
<testsuite hostname="DESKTOP-SQ7SO42" name="Test.Testjob1" tests="2" failures="0" timestamp="16 Aug 2020 07:33:21 GMT" time="76.915" errors="0">
  <testcase name="luchbrowser" time="75.052" classname="Test.Testjob1"/>
  <testcase name="login" time="1.863" classname="Test.Testjob1"/>
</testsuite> <!-- Test.Testjob1 -->
