<?xml version="1.0" encoding="UTF-8"?>
<!-- Generated by org.testng.reporters.JUnitReportReporter -->
<testsuite hostname="DESKTOP-SQ7SO42" name="Test.TestDemo" tests="1" failures="0" timestamp="18 Aug 2020 12:21:15 GMT" time="0.021" errors="0">
  <testcase name="testDemo" time="0.021" classname="Test.TestDemo"/>
</testsuite> <!-- Test.TestDemo -->
