<?xml version="1.0" encoding="UTF-8"?>
<!-- Generated by org.testng.reporters.JUnitReportReporter -->
<testsuite hostname="DESKTOP-SQ7SO42" name="Test.Testjob1" tests="2" failures="0" timestamp="15 Aug 2020 18:30:37 GMT" time="46.696" errors="0">
  <testcase name="luchbrowser" time="46.090" classname="Test.Testjob1"/>
  <testcase name="login" time="0.606" classname="Test.Testjob1"/>
</testsuite> <!-- Test.Testjob1 -->
